# JRE version: OpenJDK Runtime Environment Temurin-21.0.10+7 (21.0.10+7) (build 21.0.10+7-LTS)
# Java VM: OpenJDK 64-Bit Server VM Temurin-21.0.10+7 (21.0.10+7-LTS, mixed mode, sharing, tiered, compressed oops, compressed class ptrs, parallel gc, windows-amd64)
GC Precious Log:
 CardTable entry size: 512
 CPUs: 44 total, 44 available
 Memory: 65452M
 Large Page Support: Disabled
 NUMA Support: Disabled
 Compressed Oops: Enabled (Zero based)
 Alignments: Space 512K, Generation 512K, Heap 2M
 Heap Min Capacity: 100M
 Heap Initial Capacity: 100M
 Heap Max Capacity: 4G
 Pre-touch: Disabled
 Parallel Workers: 30
Heap:
 PSYoungGen      total 24576K, used 7009K [0x00000007aab00000, 0x00000007ac880000, 0x0000000800000000)
  eden space 22528K, 23% used [0x00000007aab00000,0x00000007ab026c30,0x00000007ac100000)
  from space 2048K, 84% used [0x00000007ac680000,0x00000007ac831a50,0x00000007ac880000)
  to   space 3072K, 0% used [0x00000007ac280000,0x00000007ac280000,0x00000007ac580000)
 ParOldGen       total 68608K, used 14604K [0x0000000700000000, 0x0000000704300000, 0x00000007aab00000)
  object space 68608K, 21% used [0x0000000700000000,0x0000000700e431f0,0x0000000704300000)
 Metaspace       used 30782K, committed 31680K, reserved 1114112K
  class space    used 3051K, committed 3456K, reserved 1048576K
GC Heap History (20 events):
Event: 0.874 GC heap before
{Heap before GC invocations=1 (full 0):
 PSYoungGen      total 29696K, used 25600K [0x00000007aab00000, 0x00000007acc00000, 0x0000000800000000)
  eden space 25600K, 100% used [0x00000007aab00000,0x00000007ac400000,0x00000007ac400000)
  from space 4096K, 0% used [0x00000007ac800000,0x00000007ac800000,0x00000007acc00000)
  to   space 4096K, 0% used [0x00000007ac400000,0x00000007ac400000,0x00000007ac800000)
 ParOldGen       total 68608K, used 0K [0x0000000700000000, 0x0000000704300000, 0x00000007aab00000)
  object space 68608K, 0% used [0x0000000700000000,0x0000000700000000,0x0000000704300000)
 Metaspace       used 4194K, committed 4480K, reserved 1114112K
  class space    used 458K, committed 576K, reserved 1048576K
}
Event: 0.881 GC heap after
{Heap after GC invocations=1 (full 0):
 PSYoungGen      total 29696K, used 3521K [0x00000007aab00000, 0x00000007acc00000, 0x0000000800000000)
  eden space 25600K, 0% used [0x00000007aab00000,0x00000007aab00000,0x00000007ac400000)
  from space 4096K, 85% used [0x00000007ac400000,0x00000007ac770740,0x00000007ac800000)
  to   space 4096K, 0% used [0x00000007ac800000,0x00000007ac800000,0x00000007acc00000)
 ParOldGen       total 68608K, used 16K [0x0000000700000000, 0x0000000704300000, 0x00000007aab00000)
  object space 68608K, 0% used [0x0000000700000000,0x0000000700004000,0x0000000704300000)
 Metaspace       used 4194K, committed 4480K, reserved 1114112K
  class space    used 458K, committed 576K, reserved 1048576K
}
Event: 1.455 GC heap before
{Heap before GC invocations=2 (full 0):
 PSYoungGen      total 29696K, used 29121K [0x00000007aab00000, 0x00000007acc00000, 0x0000000800000000)
  eden space 25600K, 100% used [0x00000007aab00000,0x00000007ac400000,0x00000007ac400000)
  from space 4096K, 85% used [0x00000007ac400000,0x00000007ac770740,0x00000007ac800000)
  to   space 4096K, 0% used [0x00000007ac800000,0x00000007ac800000,0x00000007acc00000)
 ParOldGen       total 68608K, used 16K [0x0000000700000000, 0x0000000704300000, 0x00000007aab00000)
  object space 68608K, 0% used [0x0000000700000000,0x0000000700004000,0x0000000704300000)
 Metaspace       used 7939K, committed 8256K, reserved 1114112K
  class space    used 821K, committed 960K, reserved 1048576K
}
Event: 1.460 GC heap after
{Heap after GC invocations=2 (full 0):
 PSYoungGen      total 29696K, used 4078K [0x00000007aab00000, 0x00000007acc00000, 0x0000000800000000)
  eden space 25600K, 0% used [0x00000007aab00000,0x00000007aab00000,0x00000007ac400000)
  from space 4096K, 99% used [0x00000007ac800000,0x00000007acbfb820,0x00000007acc00000)
  to   space 4096K, 0% used [0x00000007ac400000,0x00000007ac400000,0x00000007ac800000)
 ParOldGen       total 68608K, used 1193K [0x0000000700000000, 0x0000000704300000, 0x00000007aab00000)
  object space 68608K, 1% used [0x0000000700000000,0x000000070012a6a8,0x0000000704300000)
 Metaspace       used 7939K, committed 8256K, reserved 1114112K
  class space    used 821K, committed 960K, reserved 1048576K
}
Event: 2.037 GC heap before
{Heap before GC invocations=3 (full 0):
 PSYoungGen      total 29696K, used 29678K [0x00000007aab00000, 0x00000007acc00000, 0x0000000800000000)
  eden space 25600K, 100% used [0x00000007aab00000,0x00000007ac400000,0x00000007ac400000)
  from space 4096K, 99% used [0x00000007ac800000,0x00000007acbfb820,0x00000007acc00000)
  to   space 4096K, 0% used [0x00000007ac400000,0x00000007ac400000,0x00000007ac800000)
 ParOldGen       total 68608K, used 1193K [0x0000000700000000, 0x0000000704300000, 0x00000007aab00000)
  object space 68608K, 1% used [0x0000000700000000,0x000000070012a6a8,0x0000000704300000)
 Metaspace       used 12350K, committed 12928K, reserved 1114112K
  class space    used 1311K, committed 1536K, reserved 1048576K
}
Event: 2.041 GC heap after
{Heap after GC invocations=3 (full 0):
 PSYoungGen      total 29696K, used 4080K [0x00000007aab00000, 0x00000007acc00000, 0x0000000800000000)
  eden space 25600K, 0% used [0x00000007aab00000,0x00000007aab00000,0x00000007ac400000)
  from space 4096K, 99% used [0x00000007ac400000,0x00000007ac7fc2e0,0x00000007ac800000)
  to   space 4096K, 0% used [0x00000007ac800000,0x00000007ac800000,0x00000007acc00000)
 ParOldGen       total 68608K, used 2880K [0x0000000700000000, 0x0000000704300000, 0x00000007aab00000)
  object space 68608K, 4% used [0x0000000700000000,0x00000007002d01c8,0x0000000704300000)
 Metaspace       used 12350K, committed 12928K, reserved 1114112K
  class space    used 1311K, committed 1536K, reserved 1048576K
}
Event: 2.567 GC heap before
{Heap before GC invocations=4 (full 0):
 PSYoungGen      total 29696K, used 29680K [0x00000007aab00000, 0x00000007acc00000, 0x0000000800000000)
  eden space 25600K, 100% used [0x00000007aab00000,0x00000007ac400000,0x00000007ac400000)
  from space 4096K, 99% used [0x00000007ac400000,0x00000007ac7fc2e0,0x00000007ac800000)
  to   space 4096K, 0% used [0x00000007ac800000,0x00000007ac800000,0x00000007acc00000)
 ParOldGen       total 68608K, used 2880K [0x0000000700000000, 0x0000000704300000, 0x00000007aab00000)
  object space 68608K, 4% used [0x0000000700000000,0x00000007002d01c8,0x0000000704300000)
 Metaspace       used 16088K, committed 16768K, reserved 1114112K
  class space    used 1704K, committed 1984K, reserved 1048576K
}
Event: 2.571 GC heap after
{Heap after GC invocations=4 (full 0):
 PSYoungGen      total 29696K, used 4083K [0x00000007aab00000, 0x00000007acc00000, 0x0000000800000000)
  eden space 25600K, 0% used [0x00000007aab00000,0x00000007aab00000,0x00000007ac400000)
  from space 4096K, 99% used [0x00000007ac800000,0x00000007acbfcca8,0x00000007acc00000)
  to   space 4096K, 0% used [0x00000007ac400000,0x00000007ac400000,0x00000007ac800000)
 ParOldGen       total 68608K, used 5658K [0x0000000700000000, 0x0000000704300000, 0x00000007aab00000)
  object space 68608K, 8% used [0x0000000700000000,0x0000000700586b90,0x0000000704300000)
 Metaspace       used 16088K, committed 16768K, reserved 1114112K
  class space    used 1704K, committed 1984K, reserved 1048576K
}
Event: 2.752 GC heap before
{Heap before GC invocations=5 (full 0):
 PSYoungGen      total 29696K, used 29683K [0x00000007aab00000, 0x00000007acc00000, 0x0000000800000000)
  eden space 25600K, 100% used [0x00000007aab00000,0x00000007ac400000,0x00000007ac400000)
  from space 4096K, 99% used [0x00000007ac800000,0x00000007acbfcca8,0x00000007acc00000)
  to   space 4096K, 0% used [0x00000007ac400000,0x00000007ac400000,0x00000007ac800000)
 ParOldGen       total 68608K, used 5658K [0x0000000700000000, 0x0000000704300000, 0x00000007aab00000)
  object space 68608K, 8% used [0x0000000700000000,0x0000000700586b90,0x0000000704300000)
 Metaspace       used 19289K, committed 19968K, reserved 1114112K
  class space    used 1914K, committed 2240K, reserved 1048576K
}
Event: 2.754 GC heap after
{Heap after GC invocations=5 (full 0):
 PSYoungGen      total 29184K, used 4086K [0x00000007aab00000, 0x00000007ace80000, 0x0000000800000000)
  eden space 25088K, 0% used [0x00000007aab00000,0x00000007aab00000,0x00000007ac380000)
  from space 4096K, 99% used [0x00000007ac400000,0x00000007ac7fd818,0x00000007ac800000)
  to   space 5632K, 0% used [0x00000007ac900000,0x00000007ac900000,0x00000007ace80000)
 ParOldGen       total 68608K, used 6023K [0x0000000700000000, 0x0000000704300000, 0x00000007aab00000)
  object space 68608K, 8% used [0x0000000700000000,0x00000007005e1d68,0x0000000704300000)
 Metaspace       used 19289K, committed 19968K, reserved 1114112K
  class space    used 1914K, committed 2240K, reserved 1048576K
}
Event: 2.848 GC heap before
{Heap before GC invocations=6 (full 0):
 PSYoungGen      total 29184K, used 15880K [0x00000007aab00000, 0x00000007ace80000, 0x0000000800000000)
  eden space 25088K, 47% used [0x00000007aab00000,0x00000007ab684a50,0x00000007ac380000)
  from space 4096K, 99% used [0x00000007ac400000,0x00000007ac7fd818,0x00000007ac800000)
  to   space 5632K, 0% used [0x00000007ac900000,0x00000007ac900000,0x00000007ace80000)
 ParOldGen       total 68608K, used 6023K [0x0000000700000000, 0x0000000704300000, 0x00000007aab00000)
  object space 68608K, 8% used [0x0000000700000000,0x00000007005e1d68,0x0000000704300000)
 Metaspace       used 20862K, committed 21504K, reserved 1114112K
  class space    used 2068K, committed 2368K, reserved 1048576K
}
Event: 2.851 GC heap after
{Heap after GC invocations=6 (full 0):
 PSYoungGen      total 30208K, used 4609K [0x00000007aab00000, 0x00000007ace00000, 0x0000000800000000)
  eden space 25088K, 0% used [0x00000007aab00000,0x00000007aab00000,0x00000007ac380000)
  from space 5120K, 90% used [0x00000007ac900000,0x00000007acd80468,0x00000007ace00000)
  to   space 5120K, 0% used [0x00000007ac400000,0x00000007ac400000,0x00000007ac900000)
 ParOldGen       total 68608K, used 6031K [0x0000000700000000, 0x0000000704300000, 0x00000007aab00000)
  object space 68608K, 8% used [0x0000000700000000,0x00000007005e3d68,0x0000000704300000)
 Metaspace       used 20862K, committed 21504K, reserved 1114112K
  class space    used 2068K, committed 2368K, reserved 1048576K
}
Event: 2.851 GC heap before
{Heap before GC invocations=7 (full 1):
 PSYoungGen      total 30208K, used 4609K [0x00000007aab00000, 0x00000007ace00000, 0x0000000800000000)
  eden space 25088K, 0% used [0x00000007aab00000,0x00000007aab00000,0x00000007ac380000)
  from space 5120K, 90% used [0x00000007ac900000,0x00000007acd80468,0x00000007ace00000)
  to   space 5120K, 0% used [0x00000007ac400000,0x00000007ac400000,0x00000007ac900000)
 ParOldGen       total 68608K, used 6031K [0x0000000700000000, 0x0000000704300000, 0x00000007aab00000)
  object space 68608K, 8% used [0x0000000700000000,0x00000007005e3d68,0x0000000704300000)
 Metaspace       used 20862K, committed 21504K, reserved 1114112K
  class space    used 2068K, committed 2368K, reserved 1048576K
}
Event: 2.878 GC heap after
{Heap after GC invocations=7 (full 1):
 PSYoungGen      total 30208K, used 0K [0x00000007aab00000, 0x00000007ace00000, 0x0000000800000000)
  eden space 25088K, 0% used [0x00000007aab00000,0x00000007aab00000,0x00000007ac380000)
  from space 5120K, 0% used [0x00000007ac900000,0x00000007ac900000,0x00000007ace00000)
  to   space 5120K, 0% used [0x00000007ac400000,0x00000007ac400000,0x00000007ac900000)
 ParOldGen       total 68608K, used 10214K [0x0000000700000000, 0x0000000704300000, 0x00000007aab00000)
  object space 68608K, 14% used [0x0000000700000000,0x00000007009f98c8,0x0000000704300000)
 Metaspace       used 20849K, committed 21504K, reserved 1114112K
  class space    used 2064K, committed 2368K, reserved 1048576K
}
Event: 3.235 GC heap before
{Heap before GC invocations=8 (full 1):
 PSYoungGen      total 30208K, used 25088K [0x00000007aab00000, 0x00000007ace00000, 0x0000000800000000)
  eden space 25088K, 100% used [0x00000007aab00000,0x00000007ac380000,0x00000007ac380000)
  from space 5120K, 0% used [0x00000007ac900000,0x00000007ac900000,0x00000007ace00000)
  to   space 5120K, 0% used [0x00000007ac400000,0x00000007ac400000,0x00000007ac900000)
 ParOldGen       total 68608K, used 10214K [0x0000000700000000, 0x0000000704300000, 0x00000007aab00000)
  object space 68608K, 14% used [0x0000000700000000,0x00000007009f98c8,0x0000000704300000)
 Metaspace       used 23041K, committed 23744K, reserved 1114112K
  class space    used 2230K, committed 2560K, reserved 1048576K
}
Event: 3.237 GC heap after
{Heap after GC invocations=8 (full 1):
 PSYoungGen      total 27648K, used 2684K [0x00000007aab00000, 0x00000007aca00000, 0x0000000800000000)
  eden space 24576K, 0% used [0x00000007aab00000,0x00000007aab00000,0x00000007ac300000)
  from space 3072K, 87% used [0x00000007ac400000,0x00000007ac69f098,0x00000007ac700000)
  to   space 3072K, 0% used [0x00000007ac700000,0x00000007ac700000,0x00000007aca00000)
 ParOldGen       total 68608K, used 10222K [0x0000000700000000, 0x0000000704300000, 0x00000007aab00000)
  object space 68608K, 14% used [0x0000000700000000,0x00000007009fb8c8,0x0000000704300000)
 Metaspace       used 23041K, committed 23744K, reserved 1114112K
  class space    used 2230K, committed 2560K, reserved 1048576K
}
Event: 3.585 GC heap before
{Heap before GC invocations=9 (full 1):
 PSYoungGen      total 27648K, used 27260K [0x00000007aab00000, 0x00000007aca00000, 0x0000000800000000)
  eden space 24576K, 100% used [0x00000007aab00000,0x00000007ac300000,0x00000007ac300000)
  from space 3072K, 87% used [0x00000007ac400000,0x00000007ac69f098,0x00000007ac700000)
  to   space 3072K, 0% used [0x00000007ac700000,0x00000007ac700000,0x00000007aca00000)
 ParOldGen       total 68608K, used 10222K [0x0000000700000000, 0x0000000704300000, 0x00000007aab00000)
  object space 68608K, 14% used [0x0000000700000000,0x00000007009fb8c8,0x0000000704300000)
 Metaspace       used 26409K, committed 27264K, reserved 1114112K
  class space    used 2570K, committed 2944K, reserved 1048576K
}
Event: 3.587 GC heap after
{Heap after GC invocations=9 (full 1):
 PSYoungGen      total 26624K, used 3065K [0x00000007aab00000, 0x00000007acc80000, 0x0000000800000000)
  eden space 23552K, 0% used [0x00000007aab00000,0x00000007aab00000,0x00000007ac200000)
  from space 3072K, 99% used [0x00000007ac700000,0x00000007ac9fe530,0x00000007aca00000)
  to   space 5120K, 0% used [0x00000007ac200000,0x00000007ac200000,0x00000007ac700000)
 ParOldGen       total 68608K, used 11531K [0x0000000700000000, 0x0000000704300000, 0x00000007aab00000)
  object space 68608K, 16% used [0x0000000700000000,0x0000000700b42de8,0x0000000704300000)
 Metaspace       used 26409K, committed 27264K, reserved 1114112K
  class space    used 2570K, committed 2944K, reserved 1048576K
}
Event: 4.073 GC heap before
{Heap before GC invocations=10 (full 1):
 PSYoungGen      total 26624K, used 26617K [0x00000007aab00000, 0x00000007acc80000, 0x0000000800000000)
  eden space 23552K, 100% used [0x00000007aab00000,0x00000007ac200000,0x00000007ac200000)
  from space 3072K, 99% used [0x00000007ac700000,0x00000007ac9fe530,0x00000007aca00000)
  to   space 5120K, 0% used [0x00000007ac200000,0x00000007ac200000,0x00000007ac700000)
 ParOldGen       total 68608K, used 11531K [0x0000000700000000, 0x0000000704300000, 0x00000007aab00000)
  object space 68608K, 16% used [0x0000000700000000,0x0000000700b42de8,0x0000000704300000)
 Metaspace       used 29406K, committed 30208K, reserved 1114112K
  class space    used 2911K, committed 3264K, reserved 1048576K
}
Event: 4.076 GC heap after
{Heap after GC invocations=10 (full 1):
 PSYoungGen      total 27648K, used 4393K [0x00000007aab00000, 0x00000007aca80000, 0x0000000800000000)
  eden space 23040K, 0% used [0x00000007aab00000,0x00000007aab00000,0x00000007ac180000)
  from space 4608K, 95% used [0x00000007ac200000,0x00000007ac64a540,0x00000007ac680000)
  to   space 4096K, 0% used [0x00000007ac680000,0x00000007ac680000,0x00000007aca80000)
 ParOldGen       total 68608K, used 11539K [0x0000000700000000, 0x0000000704300000, 0x00000007aab00000)
  object space 68608K, 16% used [0x0000000700000000,0x0000000700b44de8,0x0000000704300000)
 Metaspace       used 29406K, committed 30208K, reserved 1114112K
  class space    used 2911K, committed 3264K, reserved 1048576K
}

